
0,true
1,false
2,true
3,true
4,true
5,true
6,true
7,true
8,false
9,true
10,true
11,true
12,true
13,true
14,true
15,false
16,true
17,true
18,true
19,true
20,true
21,true
22,false
23,true
24,true
25,true
26,true
27,true
28,true
29,false
30,true
31,true
32,true
33,true
34,true
35,true
36,false
37,true
38,true
39,true
40,true
41,true
42,true
43,false
44,true
45,true
46,true
47,true
48,true
49,true
50,false
51,true
52,true
53,true
54,true
55,true
56,true
57,false
58,true
59,true
60,true
61,true
62,true
63,true
64,false
65,true
66,true
67,true
68,true
69,true
70,true
71,false
72,true
73,true
74,true
75,true
76,true
77,true
78,false
79,true
80,true
81,true
82,true
83,true
84,true
85,false
86,true
87,true
88,true
89,true
90,true
91,true
92,false
93,true
94,true
95,true
96,true
97,true
98,true
99,false
100,true
101,true
102,true
103,true
104,true
105,true
106,false
107,true
108,true
109,true
110,true
111,true
112,true
113,false
114,true
115,true
116,true
117,true
118,true
119,true
120,false
121,true
122,true
123,true
124,true
125,true
126,true
127,false
128,true
129,true
130,true
131,true
132,true
133,true
134,false
135,true
136,true
137,true
138,true
139,true
140,true
141,false
142,true
143,true
144,true
145,true
146,true
147,true
148,false
149,true
150,true
151,true
152,true
153,true
154,true
155,false
156,true
157,true
158,true
159,true
160,true
161,true
162,false
163,true
164,true
165,true
166,true
167,true
168,true
169,false
170,true
171,true
172,true
173,true
174,true
175,true
176,false
177,true
178,true
179,true
180,true
181,true
182,true
183,false
184,true
185,true
186,true
187,true
188,true
189,true
190,false
191,true
192,true
193,true
194,true
195,true
196,true
197,false
198,true
199,true
200,true
201,true
202,true
203,true
204,false
205,true
206,true
207,true
208,true
209,true
210,true
211,false
212,true
213,true
214,true
215,true
216,true
217,true
218,false
219,true
220,true
221,true
222,true
223,true
224,true
225,false
226,true
227,true
228,true
229,true
230,true
231,true
232,false
233,true
234,true
235,true
236,true
237,true
238,true
239,false
240,true
241,true
242,true
243,true
244,true
245,true
246,false
247,true
248,true
249,true
250,true
251,true
252,true
253,false
254,true
255,true
256,true
257,true
258,true
259,true
260,false
261,true
262,true
263,true
264,true
265,true
266,true
267,false
268,true
269,true
270,true
271,true
272,true
273,true
274,false
275,true
276,true
277,true
278,true
279,true
280,true
281,false
282,true
283,true
284,true
285,true
286,true
287,true
288,false
289,true
290,true
291,true
292,true
293,true
294,true
295,false
296,true
297,true
298,true
299,true
300,true
301,true
302,false
303,true
304,true
305,true
306,true
307,true
308,true
309,false
310,true
311,true
312,true
313,true
314,true
315,true
316,false
317,true
318,true
319,true
320,true
321,true
322,true
323,false
324,true
325,true
326,true
327,true
328,true
329,true
330,false
331,true
332,true
333,true
334,true
335,true
336,true
337,false
338,true
339,true
340,true
341,true
342,true
343,true
344,false
345,true
346,true
347,true
348,true
349,true
350,true
351,false
352,true
353,true
354,true
355,true
356,true
357,true
358,false
359,true
360,true
361,true
362,true
363,true
364,true
365,false
366,true
367,true
368,true
369,true
370,true
371,true
372,false
373,true
374,true
375,true
376,true
377,true
378,true
379,false
380,true
381,true
382,true
383,true
384,true
385,true
386,false
387,true
388,true
389,true
390,true
391,true
392,true
393,false
394,true
395,true
396,true
397,true
398,true
399,true
400,false
401,true
402,true
403,true
404,true
405,true
406,true
407,false
408,true
409,true
410,true
411,true
412,true
413,true
414,false
415,true
416,true
417,true
418,true
419,true
420,true
421,false
422,true
423,true
424,true
425,true
426,true
427,true
428,false
429,true
430,true
431,true
432,true
433,true
434,true
435,false
436,true
437,true
438,true
439,true
440,true
441,true
442,false
443,true
444,true
445,true
446,true
447,true
448,true
449,false
450,true
451,true
452,true
453,true
454,true
455,true
456,false
457,true
458,true
459,true
460,true
461,true
462,true
463,false
464,true
465,true
466,true
467,true
468,true
469,true
470,false
471,true
472,true
473,true
474,true
475,true
476,true
477,false
478,true
479,true
480,true
481,true
482,true
483,true
484,false
485,true
486,true
487,true
488,true
489,true
490,true
491,false
492,true
493,true
494,true
495,true
496,true
497,true
498,false
499,true
500,true
501,true
502,true
503,true
504,true
505,false
506,true
507,true
508,true
509,true
510,true
511,true
512,true
513,true
514,true
515,true
516,true
517,true
518,true
519,true
520,true
521,true
522,true
523,true
524,true
525,true
526,true
527,true
528,true
529,true
530,true
531,true
532,true
533,true
534,true
535,true
536,true
537,true
538,true
539,true
540,true
541,true
542,true
543,true
544,true
545,true
546,true
547,true
548,true
549,true
550,true
551,true
552,true
553,true
554,true
555,true
556,true
557,true
558,true
559,true
560,true
561,true
562,true
563,true
564,true
565,true
566,true
567,true
568,true
569,true
570,true
571,true
572,true
