0,false
1,true
2,false
3,true
4,false
5,true
6,false
7,true
8,false
9,true
10,false
11,true
12,false
13,true
14,false
15,true
16,false
17,true
18,false
19,true
20,false
21,true
22,false
23,true
24,false
25,true
26,false
27,true
28,false
29,true
30,false
31,true
32,false
33,true
34,false
35,true
36,false
37,true
38,false
39,true
40,false
41,true
42,false
43,true
44,false
45,true
46,false
47,true
48,false
49,true
50,false
51,true
52,false
53,true
54,false
55,true
56,false
57,true
58,false
59,true
60,false
61,true
62,false
63,true
64,false
65,true
66,false
67,true
68,false
69,true
70,false
71,true
72,false
73,true
74,false
75,true
76,false
77,true
78,false
79,true
80,false
81,true
82,false
83,true
84,false
85,true
86,false
87,true
88,false
89,true
90,false
91,true
92,false
93,true
94,false
95,true
96,false
97,true
98,false
99,true
100,false
101,true
102,false
103,true
104,false
105,true
106,false
107,true
108,false
109,true
110,false
111,true
112,false
113,true
114,false
115,true
116,false
117,true
118,false
119,true
120,false
121,true
122,false
123,true
124,false
125,true
126,false
127,true
128,false
129,true
130,false
131,true
132,false
133,true
134,false
135,true
136,false
137,true
138,false
139,true
140,false
141,true
142,false
143,true
144,false
145,true
146,false
147,true
148,false
149,true
150,false
151,true
152,false
153,true
154,false
155,true
156,false
157,true
158,false
159,true
160,false
161,true
162,false
163,true
164,false
165,true
166,false
167,true
168,false
169,true
170,false
171,true
172,false
173,true
174,false
175,true
176,false
177,true
178,false
179,true
180,false
181,true
182,false
183,true
184,false
185,true
186,false
187,true
188,false
189,true
190,false
191,true
192,false
193,true
194,false
195,true
196,false
197,true
198,false
199,true
200,false
201,true
202,false
203,true
204,false
205,true
206,false
207,true
208,false
209,true
210,false
211,true
212,false
213,true
214,false
215,true
216,false
217,true
218,false
219,true
220,false
221,true
222,false
223,true
224,false
225,true
226,false
227,true
228,false
229,true
230,false
231,true
232,false
233,true
234,false
235,true
236,false
237,true
238,false
239,true
240,false
241,true
242,false
243,true
244,false
245,true
246,false
247,true
248,false
249,true
250,false
251,true
252,false
253,true
254,false
255,true
256,false
257,true
258,false
259,true
260,false
261,true
262,false
263,true
264,false
265,true
266,false
267,true
268,false
269,true
270,false
271,true
272,false
273,true
274,false
275,true
276,false
277,true
278,false
279,true
280,false
281,true
282,false
283,true
284,false
285,true
286,false
287,true
288,false
289,true
290,false
291,true
292,false
293,true
294,false
295,true
296,false
297,true
298,false
299,true
300,false
301,true
302,false
303,true
304,false
305,true
306,false
307,true
308,false
309,true
310,false
311,true
312,false
313,true
314,false
315,true
316,false
317,true
318,false
319,true
320,false
321,true
322,false
323,true
324,false
325,true
326,false
327,true
328,false
329,true
330,false
331,true
332,false
333,true
334,false
335,true
336,false
337,true
338,false
339,true
340,false
341,true
342,false
343,true
344,false
345,true
346,false
347,true
348,false
349,true
350,false
351,true
352,false
353,true
354,false
355,true
356,false
357,true
358,false
359,true
360,false
361,true
362,false
363,true
364,false
365,true
366,false
367,true
368,false
369,true
370,false
371,true
372,false
373,true
374,false
375,true
376,false
377,true
378,false
379,true
380,false
381,true
382,false
383,true
384,false
385,true
386,false
387,true
388,false
389,true
390,false
391,true
392,false
393,true
394,false
395,true
396,false
397,true
398,false
399,true
400,false
401,true
402,false
403,true
404,false
405,true
406,false
407,true
408,false
409,true
410,false
411,true
412,false
413,true
414,false
415,true
416,false
417,true
418,false
419,true
420,false
421,true
422,false
423,true
424,false
425,true
426,false
427,true
428,false
429,true
430,false
431,true
432,false
433,true
434,false
435,true
436,false
437,true
438,false
439,true
440,false
441,true
442,false
443,true
444,false
445,true
446,false
447,true
448,false
449,true
450,false
451,true
452,false
453,true
454,false
455,true
456,false
457,true
458,false
459,true
460,false
461,true
462,false
463,true
464,false
465,true
466,false
467,true
468,false
469,true
470,false
471,true
472,false
473,true
474,false
475,true
476,false
477,true
478,false
479,true
480,false
481,true
482,false
483,true
484,false
485,true
486,false
487,true
488,false
489,true
490,false
491,true
492,false
493,true
494,false
495,true
496,false
497,true
498,false
499,true
500,false
501,true
502,false
503,true
504,false
505,true
506,false
507,true
508,false
509,true
510,false
511,true
512,false
513,true
514,false
515,true
516,false
517,true
518,false
519,true
520,false
521,true
522,false
523,true
524,false
525,true
526,false
527,true
528,false
529,true
530,false
531,true
532,false
533,true
534,false
535,true
536,false
537,true
538,false
539,true
540,false
541,true
542,false
543,true
544,false
545,true
546,false
547,true
548,false
549,true
550,false
551,true
552,false
553,true
554,false
555,true
556,false
557,true
558,false
559,true
560,false
561,true
562,false
563,true
564,false
565,true
566,false
567,true
568,false
569,true
570,false
571,true
572,false
573,true
574,false
575,true
576,false
577,true
578,false
579,true
580,false
581,true
582,false
583,true
584,false
585,true
586,false
587,true
588,false
589,true
590,false
591,true
592,false
593,true
594,false
595,true
596,false
597,true
598,false
599,true
600,false
601,true
602,false
603,true
604,false
605,true
606,false
607,true
608,false
609,true
610,false
611,true
612,false
613,true
614,false
615,true
616,false
617,true
618,false
619,true
620,false
621,true
622,false
623,true
624,false
625,true
626,false
627,true
628,false
629,true
630,false
631,true
632,false
633,true
634,false
635,true
636,false
637,true
638,false
639,true
640,false
641,true
642,false
643,true
644,false
645,true
646,false
647,true
648,false
649,true
650,false
651,true
652,false
653,true
654,false
655,true
656,false
657,true
658,false
659,true
660,false
661,true
662,false
663,true
664,false
665,true
666,false
667,true
668,false
669,true
670,false
671,true
672,false
673,true
674,false
675,true
676,false
677,true
678,false
679,true
680,false
681,true
682,false
683,true
684,false
685,true
686,false
687,true
688,false
689,true
690,false
691,true
692,false
693,true
694,false
695,true
696,false
697,true
698,false
699,true
700,false
701,true
702,false
703,true
704,false
705,true
706,false
707,true
708,false
709,true
710,false
711,true
712,false
713,true
714,false
715,true
716,false
717,true
718,false
719,true
720,false
721,true
722,false
723,true
724,false
725,true
726,false
727,true
728,false
729,true
730,false
731,true
732,false
733,true
734,false
735,true
736,false
737,true
738,false
739,true
740,false
741,true
742,false
743,true
744,false
745,true
746,false
747,true
748,false
749,true
750,false
751,true
752,false
753,true
754,false
755,true
756,false
757,true
758,false
759,true
760,false
761,true
762,false
763,true
764,false
765,true
766,false
767,true
768,false
769,true
770,false
771,true
772,false
773,true
774,false
775,true
776,false
777,true
778,false
779,true
780,false
781,true
782,true
783,true
784,true
785,true
786,true
787,true
788,true
789,true
790,true
791,true
792,true
793,true
794,true
795,true
796,true
797,true
798,true
799,true
800,true
801,true
802,true
803,true
804,true
805,true
806,true
807,true
808,true
809,true
810,true
811,true
812,true
813,true
814,true
815,true
816,true
817,true
818,true
819,true
820,true
821,true
822,true
823,true
824,true
825,true
826,true
827,true
828,true
829,true
830,true
831,true
832,true
833,true
834,true
835,true
836,true
837,true
838,true
839,true
840,true
841,true
842,true
843,true
844,true
845,true
846,true
847,true
848,true
849,true
850,true
851,true
852,true
853,true
854,true
855,true
856,true
857,true
858,true
859,true
860,true
861,true
862,true
863,true
864,true
865,true
866,true
867,true
868,true
869,true
870,true
871,true
872,true
873,true
874,true
875,true
876,true
877,true
878,true
879,true
